<?xml version="1.0" encoding="UTF-8"?>
<!-- Generated by org.testng.reporters.JUnitReportReporter -->
<testsuite skipped="0" hostname="Varshi" name="com.vmetry.pagetests.LoginTest" tests="3" failures="0" timestamp="24 Mar 2019 11:23:06 GMT" time="19.477" errors="0">
  <testcase name="testLogin" time="12.949" classname="com.vmetry.pagetests.LoginTest"/>
  <testcase name="testLogin" time="4.025" classname="com.vmetry.pagetests.LoginTest"/>
  <testcase name="testLogin" time="2.503" classname="com.vmetry.pagetests.LoginTest"/>
</testsuite> <!-- com.vmetry.pagetests.LoginTest -->
